<?xml version="1.0" encoding="utf-8"?><testsuites name="pytest tests"><testsuite name="pytest" errors="0" failures="0" skipped="0" tests="12" time="4.929" timestamp="2026-04-10T23:13:28.456232+00:00" hostname="agent-env-290c791b-75c6-4e74-a196-696ca6c2067b"><testcase classname="tests.test_dm_calls.TestDMCallEndpoints" name="test_start_call_invalid_conversation" time="0.413" /><testcase classname="tests.test_dm_calls.TestDMCallEndpoints" name="test_start_call_nonexistent_conversation" time="0.396" /><testcase classname="tests.test_dm_calls.TestDMCallEndpoints" name="test_answer_call_nonexistent" time="0.365" /><testcase classname="tests.test_dm_calls.TestDMCallEndpoints" name="test_decline_call_nonexistent" time="0.383" /><testcase classname="tests.test_dm_calls.TestDMCallEndpoints" name="test_end_call_nonexistent" time="0.380" /><testcase classname="tests.test_dm_calls.TestDMCallWithConversation" name="test_get_conversations" time="0.433" /><testcase classname="tests.test_dm_calls.TestDMCallWithConversation" name="test_start_call_with_valid_conversation" time="0.525" /><testcase classname="tests.test_dm_calls.TestBackendRegressionSpotCheck" name="test_auth_me" time="0.401" /><testcase classname="tests.test_dm_calls.TestBackendRegressionSpotCheck" name="test_servers_list" time="0.398" /><testcase classname="tests.test_dm_calls.TestBackendRegressionSpotCheck" name="test_friends_list" time="0.383" /><testcase classname="tests.test_dm_calls.TestBackendRegressionSpotCheck" name="test_turn_credentials" time="0.388" /><testcase classname="tests.test_dm_calls.TestBackendRegressionSpotCheck" name="test_admin_stats" time="0.392" /></testsuite></testsuites>