<?xml version="1.0" encoding="utf-8"?><testsuites name="pytest tests"><testsuite name="pytest" errors="0" failures="0" skipped="0" tests="35" time="85.286" timestamp="2026-04-10T23:02:33.386002+00:00" hostname="agent-env-290c791b-75c6-4e74-a196-696ca6c2067b"><testcase classname="tests.test_refactored_routes.TestAuthRoutes" name="test_login_success" time="0.374" /><testcase classname="tests.test_refactored_routes.TestAuthRoutes" name="test_login_invalid_credentials" time="0.117" /><testcase classname="tests.test_refactored_routes.TestAuthRoutes" name="test_register_new_user" time="0.328" /><testcase classname="tests.test_refactored_routes.TestAuthRoutes" name="test_get_me" time="0.663" /><testcase classname="tests.test_refactored_routes.TestAuthRoutes" name="test_logout" time="0.471" /><testcase classname="tests.test_refactored_routes.TestUserRoutes" name="test_get_user_profile" time="0.439" /><testcase classname="tests.test_refactored_routes.TestUserRoutes" name="test_update_profile" time="0.493" /><testcase classname="tests.test_refactored_routes.TestUserRoutes" name="test_update_status" time="0.458" /><testcase classname="tests.test_refactored_routes.TestUserRoutes" name="test_search_users" time="0.472" /><testcase classname="tests.test_refactored_routes.TestFriendsRoutes" name="test_get_friends_list" time="0.438" /><testcase classname="tests.test_refactored_routes.TestFriendsRoutes" name="test_send_friend_request_nonexistent" time="0.527" /><testcase classname="tests.test_refactored_routes.TestKeysRoutes" name="test_register_device_key" time="0.449" /><testcase classname="tests.test_refactored_routes.TestKeysRoutes" name="test_get_devices" time="0.442" /><testcase classname="tests.test_refactored_routes.TestDMRoutes" name="test_get_conversations" time="0.479" /><testcase classname="tests.test_refactored_routes.TestServerRoutes" name="test_create_server" time="0.434" /><testcase classname="tests.test_refactored_routes.TestServerRoutes" name="test_get_servers" time="68.515" /><testcase classname="tests.test_refactored_routes.TestServerRoutes" name="test_get_server_details" time="0.600" /><testcase classname="tests.test_refactored_routes.TestServerRoutes" name="test_update_server" time="0.555" /><testcase classname="tests.test_refactored_routes.TestServerRoutes" name="test_create_invite" time="0.556" /><testcase classname="tests.test_refactored_routes.TestChannelRoutes" name="test_create_channel" time="0.583" /><testcase classname="tests.test_refactored_routes.TestChannelRoutes" name="test_send_channel_message" time="0.553" /><testcase classname="tests.test_refactored_routes.TestChannelRoutes" name="test_get_channel_messages" time="0.550" /><testcase classname="tests.test_refactored_routes.TestChannelRoutes" name="test_mark_channel_read" time="0.679" /><testcase classname="tests.test_refactored_routes.TestRoleRoutes" name="test_create_role" time="0.584" /><testcase classname="tests.test_refactored_routes.TestRoleRoutes" name="test_update_role" time="0.691" /><testcase classname="tests.test_refactored_routes.TestRoleRoutes" name="test_get_permissions_map" time="0.435" /><testcase classname="tests.test_refactored_routes.TestAdminRoutes" name="test_get_admin_stats" time="0.448" /><testcase classname="tests.test_refactored_routes.TestAdminRoutes" name="test_get_admin_servers" time="0.489" /><testcase classname="tests.test_refactored_routes.TestAdminRoutes" name="test_get_turn_credentials" time="0.432" /><testcase classname="tests.test_refactored_routes.TestAdminRoutes" name="test_system_update_check" time="0.469" /><testcase classname="tests.test_refactored_routes.TestGIFRoutes" name="test_gif_trending" time="0.517" /><testcase classname="tests.test_refactored_routes.TestGIFRoutes" name="test_gif_search" time="0.502" /><testcase classname="tests.test_refactored_routes.TestEmojiRoutes" name="test_get_my_emojis" time="0.439" /><testcase classname="tests.test_refactored_routes.TestDMCallRoutes" name="test_dm_call_requires_conversation" time="0.447" /><testcase classname="tests.test_refactored_routes.TestDriveRoutes" name="test_list_drive_files" time="0.567" /></testsuite></testsuites>