<?xml version="1.0" encoding="utf-8"?><testsuites name="pytest tests"><testsuite name="pytest" errors="0" failures="0" skipped="0" tests="12" time="4.932" timestamp="2026-04-09T15:39:51.264313+00:00" hostname="agent-env-290c791b-75c6-4e74-a196-696ca6c2067b"><testcase classname="tests.test_iteration_10.TestAuth" name="test_login_admin" time="0.377" /><testcase classname="tests.test_iteration_10.TestDMMessaging" name="test_create_dm_and_send_message" time="1.567" /><testcase classname="tests.test_iteration_10.TestDMCalls" name="test_start_dm_call" time="0.437" /><testcase classname="tests.test_iteration_10.TestDMCalls" name="test_end_dm_call" time="0.104" /><testcase classname="tests.test_iteration_10.TestDMCalls" name="test_decline_dm_call" time="0.103" /><testcase classname="tests.test_iteration_10.TestServerMembersStatus" name="test_server_members_have_status_fields" time="0.520" /><testcase classname="tests.test_iteration_10.TestStatusUpdate" name="test_update_status_to_away" time="0.487" /><testcase classname="tests.test_iteration_10.TestStatusUpdate" name="test_update_status_to_online" time="0.050" /><testcase classname="tests.test_iteration_10.TestStatusUpdate" name="test_update_status_with_message" time="0.095" /><testcase classname="tests.test_iteration_10.TestVoiceChannel" name="test_get_voice_participants" time="0.478" /><testcase classname="tests.test_iteration_10.TestDMMessagesEndpoint" name="test_get_dm_messages" time="0.459" /><testcase classname="tests.test_iteration_10.TestWebSocketManagerMultiConnection" name="test_websocket_manager_structure" time="0.184" /></testsuite></testsuites>