<?xml version="1.0" encoding="utf-8"?><testsuites name="pytest tests"><testsuite name="pytest" errors="0" failures="1" skipped="0" tests="12" time="5.110" timestamp="2026-04-10T23:11:48.718072+00:00" hostname="agent-env-290c791b-75c6-4e74-a196-696ca6c2067b"><testcase classname="tests.test_dm_calls.TestDMCallEndpoints" name="test_start_call_invalid_conversation" time="0.500" /><testcase classname="tests.test_dm_calls.TestDMCallEndpoints" name="test_start_call_nonexistent_conversation" time="0.421" /><testcase classname="tests.test_dm_calls.TestDMCallEndpoints" name="test_answer_call_nonexistent" time="0.412" /><testcase classname="tests.test_dm_calls.TestDMCallEndpoints" name="test_decline_call_nonexistent" time="0.394" /><testcase classname="tests.test_dm_calls.TestDMCallEndpoints" name="test_end_call_nonexistent" time="0.367" /><testcase classname="tests.test_dm_calls.TestDMCallWithConversation" name="test_get_conversations" time="0.424" /><testcase classname="tests.test_dm_calls.TestDMCallWithConversation" name="test_start_call_with_valid_conversation" time="0.517" /><testcase classname="tests.test_dm_calls.TestBackendRegressionSpotCheck" name="test_auth_me" time="0.443"><failure message="AssertionError: assert 'id' in {'user': {'about': 'Testing profile update', 'avatar_url': None, 'blocked': [], 'created_at': '2026-04-08T23:35:33.723268+00:00', ...}}">tests/test_dm_calls.py:142: in test_auth_me
    assert "id" in data
E   AssertionError: assert 'id' in {'user': {'about': 'Testing profile update', 'avatar_url': None, 'blocked': [], 'created_at': '2026-04-08T23:35:33.723268+00:00', ...}}</failure></testcase><testcase classname="tests.test_dm_calls.TestBackendRegressionSpotCheck" name="test_servers_list" time="0.395" /><testcase classname="tests.test_dm_calls.TestBackendRegressionSpotCheck" name="test_friends_list" time="0.378" /><testcase classname="tests.test_dm_calls.TestBackendRegressionSpotCheck" name="test_turn_credentials" time="0.376" /><testcase classname="tests.test_dm_calls.TestBackendRegressionSpotCheck" name="test_admin_stats" time="0.382" /></testsuite></testsuites>