<?xml version="1.0" encoding="utf-8"?><testsuites name="pytest tests"><testsuite name="pytest" errors="0" failures="0" skipped="0" tests="16" time="3.768" timestamp="2026-04-09T00:59:52.786581+00:00" hostname="agent-env-290c791b-75c6-4e74-a196-696ca6c2067b"><testcase classname="backend.tests.test_new_features.TestAuth" name="test_admin_login" time="0.405" /><testcase classname="backend.tests.test_new_features.TestStatusUpdate" name="test_update_status_online" time="0.378" /><testcase classname="backend.tests.test_new_features.TestStatusUpdate" name="test_update_status_away" time="0.065" /><testcase classname="backend.tests.test_new_features.TestStatusUpdate" name="test_update_status_busy" time="0.046" /><testcase classname="backend.tests.test_new_features.TestStatusUpdate" name="test_update_status_invisible" time="0.048" /><testcase classname="backend.tests.test_new_features.TestCustomEmojis" name="test_get_my_emojis" time="0.410" /><testcase classname="backend.tests.test_new_features.TestServerAndDrive" name="test_create_text_file" time="0.468" /><testcase classname="backend.tests.test_new_features.TestServerAndDrive" name="test_list_drive_files" time="0.052" /><testcase classname="backend.tests.test_new_features.TestServerAndDrive" name="test_get_text_file_content" time="0.160" /><testcase classname="backend.tests.test_new_features.TestStorageRequests" name="test_submit_storage_request" time="0.448" /><testcase classname="backend.tests.test_new_features.TestStorageRequests" name="test_get_storage_requests" time="0.094" /><testcase classname="backend.tests.test_new_features.TestAdminDashboard" name="test_admin_stats" time="0.386" /><testcase classname="backend.tests.test_new_features.TestAdminDashboard" name="test_admin_storage_requests" time="0.054" /><testcase classname="backend.tests.test_new_features.TestAdminDashboard" name="test_admin_servers" time="0.058" /><testcase classname="backend.tests.test_new_features.TestChannelMessaging" name="test_send_message_in_channel" time="0.477" /><testcase classname="backend.tests.test_new_features.TestChannelMessaging" name="test_get_channel_messages" time="0.116" /></testsuite></testsuites>