<?xml version="1.0" encoding="utf-8"?><testsuites name="pytest tests"><testsuite name="pytest" errors="0" failures="0" skipped="0" tests="14" time="9.456" timestamp="2026-04-09T01:41:21.313244+00:00" hostname="agent-env-290c791b-75c6-4e74-a196-696ca6c2067b"><testcase classname="backend.tests.test_role_permissions.TestRolePermissionSystem" name="test_permissions_map_endpoint" time="0.636" /><testcase classname="backend.tests.test_role_permissions.TestRolePermissionSystem" name="test_everyone_role_exists_on_server" time="0.548" /><testcase classname="backend.tests.test_role_permissions.TestRolePermissionSystem" name="test_create_new_role" time="0.588" /><testcase classname="backend.tests.test_role_permissions.TestRolePermissionSystem" name="test_update_role_permissions" time="0.646" /><testcase classname="backend.tests.test_role_permissions.TestRolePermissionSystem" name="test_toggle_permission_persistence" time="0.679" /><testcase classname="backend.tests.test_role_permissions.TestRolePermissionSystem" name="test_delete_custom_role" time="0.609" /><testcase classname="backend.tests.test_role_permissions.TestRolePermissionSystem" name="test_cannot_delete_everyone_role" time="0.660" /><testcase classname="backend.tests.test_role_permissions.TestRolePermissionSystem" name="test_permission_enforcement_create_channel" time="1.020" /><testcase classname="backend.tests.test_role_permissions.TestRolePermissionSystem" name="test_permission_enforcement_kick" time="0.983" /><testcase classname="backend.tests.test_role_permissions.TestRolePermissionSystem" name="test_permission_enforcement_ban" time="1.092" /><testcase classname="backend.tests.test_role_permissions.TestRolePermissionSystem" name="test_owner_has_all_permissions" time="0.507" /><testcase classname="backend.tests.test_role_permissions.TestRolePermissionSystem" name="test_large_permission_bits" time="0.617" /><testcase classname="backend.tests.test_role_permissions.TestPermissionMapStructure" name="test_permission_categories_content" time="0.397" /><testcase classname="backend.tests.test_role_permissions.TestPermissionMapStructure" name="test_default_permissions_include_view_channels" time="0.376" /></testsuite></testsuites>