<?xml version="1.0" encoding="utf-8"?><testsuites name="pytest tests"><testsuite name="pytest" errors="0" failures="0" skipped="0" tests="11" time="4.992" timestamp="2026-04-09T03:46:33.287892+00:00" hostname="agent-env-290c791b-75c6-4e74-a196-696ca6c2067b"><testcase classname="backend.tests.test_system_updates.TestSystemUpdatesAuth" name="test_01_get_update_config_returns_repo_url" time="0.555" /><testcase classname="backend.tests.test_system_updates.TestSystemUpdatesAuth" name="test_02_put_update_config_changes_repo_url" time="0.471" /><testcase classname="backend.tests.test_system_updates.TestSystemUpdatesAuth" name="test_03_post_update_check_returns_commits_or_error" time="0.671" /><testcase classname="backend.tests.test_system_updates.TestSystemUpdatesAuth" name="test_04_get_update_status_returns_status_field" time="0.380" /><testcase classname="backend.tests.test_system_updates.TestSystemUpdatesAuth" name="test_05_post_apply_update_returns_in_progress" time="0.440" /><testcase classname="backend.tests.test_system_updates.TestNonAdminAccess" name="test_06_non_admin_cannot_get_update_config" time="0.402" /><testcase classname="backend.tests.test_system_updates.TestNonAdminAccess" name="test_07_non_admin_cannot_put_update_config" time="0.381" /><testcase classname="backend.tests.test_system_updates.TestNonAdminAccess" name="test_08_non_admin_cannot_check_updates" time="0.429" /><testcase classname="backend.tests.test_system_updates.TestNonAdminAccess" name="test_09_non_admin_cannot_apply_update" time="0.397" /><testcase classname="backend.tests.test_system_updates.TestNonAdminAccess" name="test_10_non_admin_cannot_get_update_status" time="0.400" /><testcase classname="backend.tests.test_system_updates.TestUnauthenticatedAccess" name="test_11_unauthenticated_cannot_access_update_config" time="0.392" /></testsuite></testsuites>