<?xml version="1.0" encoding="utf-8"?><testsuites name="pytest tests"><testsuite name="pytest" errors="0" failures="0" skipped="2" tests="14" time="12.958" timestamp="2026-04-09T04:56:17.552593+00:00" hostname="agent-env-290c791b-75c6-4e74-a196-696ca6c2067b"><testcase classname="backend.tests.test_read_receipts_permissions.TestChannelReadReceipts" name="test_mark_channel_read_returns_200" time="0.797" /><testcase classname="backend.tests.test_read_receipts_permissions.TestChannelReadReceipts" name="test_mark_channel_read_requires_last_message_id" time="0.577" /><testcase classname="backend.tests.test_read_receipts_permissions.TestChannelReadReceipts" name="test_get_channel_read_receipts_returns_array" time="0.687" /><testcase classname="backend.tests.test_read_receipts_permissions.TestDMReadReceipts" name="test_mark_dm_read_returns_200" time="0.730"><skipped type="pytest.skip" message="Failed to create DM conversation">/app/backend/tests/test_read_receipts_permissions.py:154: Failed to create DM conversation</skipped></testcase><testcase classname="backend.tests.test_read_receipts_permissions.TestDMReadReceipts" name="test_get_dm_read_receipts_returns_array" time="0.785"><skipped type="pytest.skip" message="Failed to create DM conversation">/app/backend/tests/test_read_receipts_permissions.py:170: Failed to create DM conversation</skipped></testcase><testcase classname="backend.tests.test_read_receipts_permissions.TestPermissionEnforcement" name="test_update_server_requires_manage_server_permission" time="0.990" /><testcase classname="backend.tests.test_read_receipts_permissions.TestPermissionEnforcement" name="test_owner_can_update_server" time="0.970" /><testcase classname="backend.tests.test_read_receipts_permissions.TestPermissionEnforcement" name="test_create_invite_requires_create_invite_permission" time="1.259" /><testcase classname="backend.tests.test_read_receipts_permissions.TestPermissionEnforcement" name="test_owner_can_create_invite" time="0.954" /><testcase classname="backend.tests.test_read_receipts_permissions.TestPermissionEnforcement" name="test_add_reaction_requires_add_reactions_permission" time="1.084" /><testcase classname="backend.tests.test_read_receipts_permissions.TestPermissionEnforcement" name="test_owner_can_add_reaction" time="1.045" /><testcase classname="backend.tests.test_read_receipts_permissions.TestPermissionEnforcement" name="test_reply_thread_requires_send_messages_in_threads_permission" time="1.090" /><testcase classname="backend.tests.test_read_receipts_permissions.TestPermissionEnforcement" name="test_owner_can_reply_thread" time="1.110" /><testcase classname="backend.tests.test_read_receipts_permissions.TestOwnerFullPermissions" name="test_owner_has_all_permissions" time="0.786" /></testsuite></testsuites>