<?xml version="1.0" encoding="utf-8"?><testsuites name="pytest tests"><testsuite name="pytest" errors="0" failures="0" skipped="0" tests="15" time="3.687" timestamp="2026-04-09T01:56:17.066955+00:00" hostname="agent-env-290c791b-75c6-4e74-a196-696ca6c2067b"><testcase classname="backend.tests.test_member_roles.TestMemberRoleAssignment" name="test_server_has_everyone_role" time="0.613" /><testcase classname="backend.tests.test_member_roles.TestMemberRoleAssignment" name="test_create_custom_role" time="0.491" /><testcase classname="backend.tests.test_member_roles.TestMemberRoleAssignment" name="test_assign_role_to_member" time="0.785" /><testcase classname="backend.tests.test_member_roles.TestMemberRoleAssignment" name="test_remove_role_from_member" time="0.780" /><testcase classname="backend.tests.test_member_roles.TestMemberRoleAssignment" name="test_assign_role_non_owner_forbidden" time="0.503" /><testcase classname="backend.tests.test_member_roles.TestMemberRoleAssignment" name="test_member_shows_everyone_badge" time="0.434" /><testcase classname="backend.tests.test_member_roles.TestDeploymentScripts" name="test_install_script_exists" time="0.000" /><testcase classname="backend.tests.test_member_roles.TestDeploymentScripts" name="test_install_script_executable" time="0.000" /><testcase classname="backend.tests.test_member_roles.TestDeploymentScripts" name="test_install_script_has_shebang" time="0.000" /><testcase classname="backend.tests.test_member_roles.TestDeploymentScripts" name="test_install_script_has_strict_mode" time="0.000" /><testcase classname="backend.tests.test_member_roles.TestDeploymentScripts" name="test_install_script_has_required_sections" time="0.000" /><testcase classname="backend.tests.test_member_roles.TestDeploymentScripts" name="test_uninstall_script_exists" time="0.000" /><testcase classname="backend.tests.test_member_roles.TestDeploymentScripts" name="test_uninstall_script_executable" time="0.000" /><testcase classname="backend.tests.test_member_roles.TestDeploymentScripts" name="test_readme_exists" time="0.000" /><testcase classname="backend.tests.test_member_roles.TestDeploymentScripts" name="test_readme_has_configuration_instructions" time="0.000" /></testsuite></testsuites>