<?xml version="1.0" encoding="utf-8"?><testsuites name="pytest tests"><testsuite name="pytest" errors="0" failures="0" skipped="3" tests="19" time="2.577" timestamp="2026-04-09T05:31:28.295836+00:00" hostname="agent-env-290c791b-75c6-4e74-a196-696ca6c2067b"><testcase classname="backend.tests.test_e2e_turn.TestE2EKeyManagement" name="test_register_device_key" time="0.405" /><testcase classname="backend.tests.test_e2e_turn.TestE2EKeyManagement" name="test_get_my_devices" time="0.046" /><testcase classname="backend.tests.test_e2e_turn.TestE2EKeyManagement" name="test_get_user_keys" time="0.093" /><testcase classname="backend.tests.test_e2e_turn.TestE2EKeyManagement" name="test_get_key_bundle" time="0.100" /><testcase classname="backend.tests.test_e2e_turn.TestE2EKeyManagement" name="test_store_key_backup" time="0.045" /><testcase classname="backend.tests.test_e2e_turn.TestE2EKeyManagement" name="test_get_key_backup" time="0.048" /><testcase classname="backend.tests.test_e2e_turn.TestE2EKeyManagement" name="test_delete_device_key" time="0.089" /><testcase classname="backend.tests.test_e2e_turn.TestTURNServerManagement" name="test_get_turn_config_admin" time="0.047" /><testcase classname="backend.tests.test_e2e_turn.TestTURNServerManagement" name="test_update_turn_config" time="0.045" /><testcase classname="backend.tests.test_e2e_turn.TestTURNServerManagement" name="test_get_turn_status" time="0.044" /><testcase classname="backend.tests.test_e2e_turn.TestTURNServerManagement" name="test_get_turn_credentials_user" time="0.048" /><testcase classname="backend.tests.test_e2e_turn.TestTURNServerManagement" name="test_turn_config_requires_admin" time="0.318" /><testcase classname="backend.tests.test_e2e_turn.TestE2EEncryptedMessages" name="test_send_e2e_dm_message" time="0.638" /><testcase classname="backend.tests.test_e2e_turn.TestE2EEncryptedMessages" name="test_retrieve_e2e_dm_messages" time="0.090" /><testcase classname="backend.tests.test_e2e_turn.TestE2EEncryptedMessages" name="test_send_e2e_channel_message" time="0.094"><skipped type="pytest.skip" message="No channels available">/app/backend/tests/test_e2e_turn.py:293: No channels available</skipped></testcase><testcase classname="backend.tests.test_e2e_turn.TestE2EThreadAndEdit" name="test_e2e_thread_reply" time="0.090"><skipped type="pytest.skip" message="No channels available">/app/backend/tests/test_e2e_turn.py:332: No channels available</skipped></testcase><testcase classname="backend.tests.test_e2e_turn.TestE2EThreadAndEdit" name="test_e2e_message_edit" time="0.089"><skipped type="pytest.skip" message="No channels available">/app/backend/tests/test_e2e_turn.py:377: No channels available</skipped></testcase><testcase classname="backend.tests.test_e2e_turn.TestE2EKeyManagementUnauth" name="test_keys_register_requires_auth" time="0.087" /><testcase classname="backend.tests.test_e2e_turn.TestE2EKeyManagementUnauth" name="test_keys_devices_requires_auth" time="0.092" /></testsuite></testsuites>