<?xml version="1.0" encoding="utf-8"?><testsuites name="pytest tests"><testsuite name="pytest" errors="0" failures="0" skipped="0" tests="18" time="6.551" timestamp="2026-04-09T15:10:25.047342+00:00" hostname="agent-env-290c791b-75c6-4e74-a196-696ca6c2067b"><testcase classname="backend.tests.test_bug_fixes.TestAuth" name="test_admin_login" time="0.423" /><testcase classname="backend.tests.test_bug_fixes.TestStatusUpdate" name="test_update_status_with_message" time="0.417" /><testcase classname="backend.tests.test_bug_fixes.TestStatusUpdate" name="test_update_status_without_message" time="0.048" /><testcase classname="backend.tests.test_bug_fixes.TestDMConversations" name="test_create_dm_conversation" time="0.670" /><testcase classname="backend.tests.test_bug_fixes.TestDMConversations" name="test_dm_appears_in_conversations_list" time="0.100" /><testcase classname="backend.tests.test_bug_fixes.TestGroupDM" name="test_create_group_dm" time="1.097" /><testcase classname="backend.tests.test_bug_fixes.TestServerInvites" name="test_get_server_invites" time="0.512" /><testcase classname="backend.tests.test_bug_fixes.TestChannelCRUD" name="test_update_channel" time="0.612" /><testcase classname="backend.tests.test_bug_fixes.TestChannelCRUD" name="test_delete_channel" time="0.100" /><testcase classname="backend.tests.test_bug_fixes.TestE2EKeyManagement" name="test_register_device_key" time="0.383" /><testcase classname="backend.tests.test_bug_fixes.TestE2EKeyManagement" name="test_get_devices" time="0.061" /><testcase classname="backend.tests.test_bug_fixes.TestE2EKeyManagement" name="test_get_key_bundle" time="0.100" /><testcase classname="backend.tests.test_bug_fixes.TestFriendsEndpoints" name="test_get_friends" time="0.430" /><testcase classname="backend.tests.test_bug_fixes.TestServerEndpoints" name="test_get_servers" time="0.382" /><testcase classname="backend.tests.test_bug_fixes.TestServerEndpoints" name="test_get_server_details" time="0.111" /><testcase classname="backend.tests.test_bug_fixes.TestAdminEndpoints" name="test_admin_stats" time="0.416" /><testcase classname="backend.tests.test_bug_fixes.TestAdminEndpoints" name="test_admin_turn_config" time="0.055" /><testcase classname="backend.tests.test_bug_fixes.TestMessageEndpoints" name="test_send_channel_message" time="0.523" /></testsuite></testsuites>